2025-08-02 16:44:22 - livef1 - INFO - Selected meeting/session is:
	Meeting Offname : FORMULA 1 TAG HEUER GRAND PRIX DE MONACO 2025
	Meeting Name : Monaco Grand Prix
	Meeting Circuit Shortname : Monte Carlo
2025-08-02 16:44:22 - livef1 - INFO - Got the meeting.
2025-08-02 16:44:22 - livef1 - INFO - Selected meeting/session is:
	session_name : Practice 1
2025-08-02 16:44:22 - livef1 - INFO - The session was received successfully.
2025-08-02 16:44:23 - livef1 - INFO - Fetching drivers.
2025-08-02 16:44:25 - livef1 - INFO - The callback function for the SILVER table 'laps' was set.
2025-08-02 16:44:25 - livef1 - INFO - The callback function for the SILVER table 'carTelemetry' was set.
2025-08-02 16:44:25 - livef1 - INFO - Topics to be loaded : ['track_regions', 'TimingData', 'CarData.z', 'TrackStatus', 'TyreStintSeries', 'RaceControlMessages', 'SessionStatus', 'Position.z']
2025-08-02 16:44:27 - livef1 - INFO - 'TimingData' has been fetched and parsed
2025-08-02 16:44:30 - livef1 - INFO - 'CarData.z' has been fetched and parsed
2025-08-02 16:44:30 - livef1 - INFO - 'TrackStatus' has been fetched and parsed
2025-08-02 16:44:31 - livef1 - INFO - 'TyreStintSeries' has been fetched and parsed
2025-08-02 16:44:32 - livef1 - INFO - 'RaceControlMessages' has been fetched and parsed
2025-08-02 16:44:33 - livef1 - INFO - 'SessionStatus' has been fetched and parsed
2025-08-02 16:44:35 - livef1 - INFO - 'Position.z' has been fetched and parsed
2025-08-02 16:44:37 - livef1 - INFO - 'SessionData' has been fetched and parsed
2025-08-02 16:44:37 - livef1 - INFO - Silver tables are being generated.
2025-08-02 16:44:38 - livef1 - INFO - 'laps' has been generated and saved to the silver lake. You can access it from 'session.laps'.
2025-08-02 16:44:47 - livef1 - INFO - 'carTelemetry' has been generated and saved to the silver lake. You can access it from 'session.carTelemetry'.
2025-08-02 16:46:02 - livef1 - INFO - The identifier couldn't be found.
2025-08-02 16:46:02 - livef1 - INFO - The identifier is very close to 'Hungarian Grand Prix' at column 'MEETING NAME'
2025-08-02 16:46:02 - livef1 - INFO - Selected meeting/session is:
	Meeting Offname : FORMULA 1 LENOVO HUNGARIAN GRAND PRIX 2025
	Meeting Name : Hungarian Grand Prix
	Meeting Circuit Shortname : Hungaroring
2025-08-02 16:46:02 - livef1 - INFO - Got the meeting.
2025-08-02 16:46:02 - livef1 - INFO - Selected meeting/session is:
	session_name : Practice 3
2025-08-02 16:46:02 - livef1 - INFO - The session was received successfully.
2025-08-02 16:50:43 - livef1 - INFO - The identifier couldn't be found.
2025-08-02 16:50:43 - livef1 - INFO - The identifier is very close to 'Hungarian Grand Prix' at column 'MEETING NAME'
2025-08-02 16:50:43 - livef1 - INFO - Selected meeting/session is:
	Meeting Offname : FORMULA 1 LENOVO HUNGARIAN GRAND PRIX 2025
	Meeting Name : Hungarian Grand Prix
	Meeting Circuit Shortname : Hungaroring
2025-08-02 16:50:43 - livef1 - INFO - Got the meeting.
2025-08-02 16:50:43 - livef1 - INFO - The identifier couldn't be found.
2025-08-02 16:50:43 - livef1 - INFO - The identifier is very close to 'Practice 1' at column 'SESSION_NAME'
2025-08-02 16:50:43 - livef1 - INFO - Selected meeting/session is:
	session_name : Practice 1
2025-08-02 16:50:43 - livef1 - INFO - The session was received successfully.
2025-08-02 16:50:44 - livef1 - INFO - Fetching drivers.
2025-08-02 16:52:25 - livef1 - INFO - The identifier couldn't be found.
2025-08-02 16:52:25 - livef1 - INFO - The identifier is very close to 'Hungarian Grand Prix' at column 'MEETING NAME'
2025-08-02 16:52:25 - livef1 - INFO - Selected meeting/session is:
	Meeting Offname : FORMULA 1 LENOVO HUNGARIAN GRAND PRIX 2025
	Meeting Name : Hungarian Grand Prix
	Meeting Circuit Shortname : Hungaroring
2025-08-02 16:52:25 - livef1 - INFO - Got the meeting.
2025-08-02 16:52:25 - livef1 - INFO - The identifier couldn't be found.
2025-08-02 16:52:25 - livef1 - INFO - The identifier is very close to 'Practice 1' at column 'SESSION_NAME'
2025-08-02 16:52:25 - livef1 - INFO - Selected meeting/session is:
	session_name : Practice 1
2025-08-02 16:52:25 - livef1 - INFO - The session was received successfully.
2025-08-02 16:52:26 - livef1 - INFO - Fetching drivers.
2025-08-02 16:54:23 - livef1 - INFO - Selected meeting/session is:
	Meeting Offname : FORMULA 1 TAG HEUER GRAND PRIX DE MONACO 2025
	Meeting Name : Monaco Grand Prix
	Meeting Circuit Shortname : Monte Carlo
2025-08-02 16:54:23 - livef1 - INFO - Got the meeting.
2025-08-02 16:54:24 - livef1 - INFO - Selected meeting/session is:
	session_name : Race
2025-08-02 16:54:24 - livef1 - INFO - The session was received successfully.
2025-08-02 16:54:24 - livef1 - INFO - Fetching drivers.
2025-08-02 17:35:05 - livef1 - INFO - Starting LiveF1 live timing client
2025-08-02 17:37:51 - livef1 - INFO - Keyboard interrupt - exiting...
2025-08-02 17:37:51 - livef1 - INFO - Client have run for 166.14 seconds.
2025-08-02 17:38:09 - livef1 - INFO - Starting LiveF1 live timing client
2025-08-02 17:38:39 - livef1 - INFO - Keyboard interrupt - exiting...
2025-08-02 17:38:39 - livef1 - INFO - Client have run for 29.93 seconds.
2025-08-02 17:39:56 - livef1 - INFO - Starting LiveF1 live timing client
2025-08-02 17:40:27 - livef1 - INFO - Keyboard interrupt - exiting...
2025-08-02 17:40:27 - livef1 - INFO - Client have run for 30.22 seconds.
2025-08-02 17:40:34 - livef1 - INFO - Starting LiveF1 live timing client
2025-08-02 17:42:06 - livef1 - INFO - Keyboard interrupt - exiting...
2025-08-02 17:42:06 - livef1 - INFO - Client have run for 92.84 seconds.
2025-08-02 17:46:08 - livef1 - INFO - Starting LiveF1 live timing client
2025-08-02 17:58:46 - livef1 - INFO - Keyboard interrupt - exiting...
2025-08-02 17:58:46 - livef1 - INFO - Client have run for 757.35 seconds.
2025-08-02 19:52:47 - livef1 - INFO - Starting LiveF1 live timing client
2025-08-02 19:57:16 - livef1 - INFO - Keyboard interrupt - exiting...
2025-08-02 19:57:16 - livef1 - INFO - Client have run for 269.17 seconds.
2025-08-02 20:04:02 - livef1 - INFO - Starting LiveF1 live timing client
2025-08-02 20:04:28 - livef1 - INFO - Keyboard interrupt - exiting...
2025-08-02 20:04:28 - livef1 - INFO - Client have run for 25.57 seconds.
